<?xml version="1.0" encoding="UTF-8"?>
<!-- Generated by org.testng.reporters.JUnitReportReporter -->
<testsuite hostname="digvijay-Latitude-3420" failures="0" tests="1" name="login.SuperadminLoginTest" time="3.727" errors="0" timestamp="2023-05-25T15:53:37 IST" skipped="0">
  <testcase classname="login.SuperadminLoginTest" name="superadminLoginTest" time="3.727"/>
  <system-out/>
</testsuite> <!-- login.SuperadminLoginTest -->
